04-08 15:04:25 logger_module - create_log_file:[INFO] Logging started at /home/stuart/DWC/Plugins/duetPrintGuard/plugin3.6.x/Code/sd/sys/duetPrintGuard/duetPrintGuard.log
04-08 15:04:25 duetPrintGuard - start:[INFO] duetPrintGuard -- 0.0.2
04-08 15:04:25 logger_module - set_log_level:[INFO] Log level changed to INFO
04-08 15:04:25 duetPrintGuard - checkIP:[INFO] IP address 192.168.30.41 with port 8002 is available
04-08 15:04:28 config - config_set_paths_and_initialize:[WARNING] Using app data directory: /home/stuart/.local/share/duetprintguard
04-08 15:04:28 duet_printer - <module>:[INFO] Successful login to printer at http://192.168.30.41:80
04-08 15:04:28 app - appstartup:[WARNING] Startup mode: SiteStartupMode.LOCAL
04-08 15:04:28 app - appstartup:[WARNING] Starting in local mode. Available at 
04-08 15:04:28 inference_lib - _detect_backend:[INFO] ONNX Runtime detected, using ONNX Runtime backend
04-08 15:04:28 model_downloader - download_all:[INFO] Downloading all model files for onnxruntime backend
04-08 15:04:28 model_downloader - download_model:[INFO] Model model.onnx already cached at /home/stuart/DWC/Plugins/duetPrintGuard/plugin3.6.x/Code/dsf/model/model.onnx
04-08 15:04:28 model_downloader - download_options:[INFO] Options file already cached at /home/stuart/DWC/Plugins/duetPrintGuard/plugin3.6.x/Code/dsf/model/opt.json
04-08 15:04:28 model_downloader - download_prototypes:[INFO] Prototypes already cached at /home/stuart/DWC/Plugins/duetPrintGuard/plugin3.6.x/Code/dsf/model/prototypes/cache/prototypes.pkl
04-08 15:04:28 model_downloader - download_all:[INFO] All model files successfully downloaded/cached for onnxruntime backend
04-08 15:04:30 inference_lib - get_inference_engine:[INFO] Created inference engine with onnxruntime backend
04-08 15:04:30 inference_lib - _detect_backend:[INFO] ONNX Runtime detected, using ONNX Runtime backend
04-08 15:04:30 onnxruntime_engine - load_model:[INFO] ONNX model loaded successfully. Input: input, Output: output, Shape: ['batch_size', 3, 224, 224]
04-08 15:04:31 camera_routes - camera_snapshot:[ERROR] Snapshot error for 9e18c708-33e8-47f2-8142-4d4537c8865a: 404: No frame available
04-08 15:04:31 camera_routes - get_camera_state_ep:[WARNING] entered get_camera_state_ep with camera_uuid: 966fb330-9369-450e-a6c1-41e86554c992
04-08 15:04:31 camera_routes - get_camera_state_ep:[WARNING] entered get_camera_state_ep with camera_uuid: 9e18c708-33e8-47f2-8142-4d4537c8865a
04-08 15:04:33 camera_routes - get_camera_state_ep:[WARNING] entered get_camera_state_ep with camera_uuid: 966fb330-9369-450e-a6c1-41e86554c992
04-08 15:04:33 camera_routes - get_camera_state_ep:[WARNING] entered get_camera_state_ep with camera_uuid: 9e18c708-33e8-47f2-8142-4d4537c8865a
04-08 15:04:37 camera_routes - get_camera_state_ep:[WARNING] entered get_camera_state_ep with camera_uuid: 966fb330-9369-450e-a6c1-41e86554c992
04-08 15:04:38 camera_routes - get_camera_state_ep:[WARNING] entered get_camera_state_ep with camera_uuid: 966fb330-9369-450e-a6c1-41e86554c992
04-08 15:04:38 camera_routes - get_camera_state_ep:[WARNING] entered get_camera_state_ep with camera_uuid: 9e18c708-33e8-47f2-8142-4d4537c8865a
04-08 15:04:43 camera_routes - get_camera_state_ep:[WARNING] entered get_camera_state_ep with camera_uuid: 966fb330-9369-450e-a6c1-41e86554c992
04-08 15:04:43 camera_routes - get_camera_state_ep:[WARNING] entered get_camera_state_ep with camera_uuid: 9e18c708-33e8-47f2-8142-4d4537c8865a
04-08 15:04:46 stream_utils - _live_detection_loop:[ERROR] Error in optimized detection loop for camera 966fb330-9369-450e-a6c1-41e86554c992: cannot access local variable 'detection_interval' where it is not associated with a value
04-08 15:04:48 camera_routes - get_camera_state_ep:[WARNING] entered get_camera_state_ep with camera_uuid: 966fb330-9369-450e-a6c1-41e86554c992
04-08 15:04:48 camera_routes - get_camera_state_ep:[WARNING] entered get_camera_state_ep with camera_uuid: 9e18c708-33e8-47f2-8142-4d4537c8865a
04-08 15:04:53 camera_routes - get_camera_state_ep:[WARNING] entered get_camera_state_ep with camera_uuid: 966fb330-9369-450e-a6c1-41e86554c992
04-08 15:04:53 camera_routes - get_camera_state_ep:[WARNING] entered get_camera_state_ep with camera_uuid: 9e18c708-33e8-47f2-8142-4d4537c8865a
04-08 15:04:58 camera_routes - get_camera_state_ep:[WARNING] entered get_camera_state_ep with camera_uuid: 966fb330-9369-450e-a6c1-41e86554c992
04-08 15:04:58 camera_routes - get_camera_state_ep:[WARNING] entered get_camera_state_ep with camera_uuid: 9e18c708-33e8-47f2-8142-4d4537c8865a
04-08 15:05:03 camera_routes - get_camera_state_ep:[WARNING] entered get_camera_state_ep with camera_uuid: 966fb330-9369-450e-a6c1-41e86554c992
04-08 15:05:03 camera_routes - get_camera_state_ep:[WARNING] entered get_camera_state_ep with camera_uuid: 9e18c708-33e8-47f2-8142-4d4537c8865a
04-08 15:05:08 camera_routes - get_camera_state_ep:[WARNING] entered get_camera_state_ep with camera_uuid: 966fb330-9369-450e-a6c1-41e86554c992
04-08 15:05:08 camera_routes - get_camera_state_ep:[WARNING] entered get_camera_state_ep with camera_uuid: 9e18c708-33e8-47f2-8142-4d4537c8865a
04-08 15:05:13 camera_routes - get_camera_state_ep:[WARNING] entered get_camera_state_ep with camera_uuid: 966fb330-9369-450e-a6c1-41e86554c992
04-08 15:05:13 camera_routes - get_camera_state_ep:[WARNING] entered get_camera_state_ep with camera_uuid: 9e18c708-33e8-47f2-8142-4d4537c8865a
04-08 15:05:18 camera_routes - get_camera_state_ep:[WARNING] entered get_camera_state_ep with camera_uuid: 966fb330-9369-450e-a6c1-41e86554c992
04-08 15:05:18 camera_routes - get_camera_state_ep:[WARNING] entered get_camera_state_ep with camera_uuid: 9e18c708-33e8-47f2-8142-4d4537c8865a
04-08 15:05:23 camera_routes - get_camera_state_ep:[WARNING] entered get_camera_state_ep with camera_uuid: 966fb330-9369-450e-a6c1-41e86554c992
04-08 15:05:23 camera_routes - get_camera_state_ep:[WARNING] entered get_camera_state_ep with camera_uuid: 9e18c708-33e8-47f2-8142-4d4537c8865a
04-08 15:05:28 camera_routes - get_camera_state_ep:[WARNING] entered get_camera_state_ep with camera_uuid: 966fb330-9369-450e-a6c1-41e86554c992
04-08 15:05:28 camera_routes - get_camera_state_ep:[WARNING] entered get_camera_state_ep with camera_uuid: 9e18c708-33e8-47f2-8142-4d4537c8865a
04-08 15:05:33 camera_routes - get_camera_state_ep:[WARNING] entered get_camera_state_ep with camera_uuid: 966fb330-9369-450e-a6c1-41e86554c992
04-08 15:05:33 camera_routes - get_camera_state_ep:[WARNING] entered get_camera_state_ep with camera_uuid: 9e18c708-33e8-47f2-8142-4d4537c8865a
04-08 15:05:38 camera_routes - get_camera_state_ep:[WARNING] entered get_camera_state_ep with camera_uuid: 966fb330-9369-450e-a6c1-41e86554c992
04-08 15:05:38 camera_routes - get_camera_state_ep:[WARNING] entered get_camera_state_ep with camera_uuid: 9e18c708-33e8-47f2-8142-4d4537c8865a
04-08 15:05:43 camera_routes - get_camera_state_ep:[WARNING] entered get_camera_state_ep with camera_uuid: 966fb330-9369-450e-a6c1-41e86554c992
04-08 15:05:43 camera_routes - get_camera_state_ep:[WARNING] entered get_camera_state_ep with camera_uuid: 9e18c708-33e8-47f2-8142-4d4537c8865a
04-08 15:05:48 camera_routes - get_camera_state_ep:[WARNING] entered get_camera_state_ep with camera_uuid: 966fb330-9369-450e-a6c1-41e86554c992
04-08 15:05:48 camera_routes - get_camera_state_ep:[WARNING] entered get_camera_state_ep with camera_uuid: 9e18c708-33e8-47f2-8142-4d4537c8865a
04-08 15:05:53 camera_routes - get_camera_state_ep:[WARNING] entered get_camera_state_ep with camera_uuid: 966fb330-9369-450e-a6c1-41e86554c992
04-08 15:05:53 camera_routes - get_camera_state_ep:[WARNING] entered get_camera_state_ep with camera_uuid: 9e18c708-33e8-47f2-8142-4d4537c8865a
04-08 15:05:58 camera_routes - get_camera_state_ep:[WARNING] entered get_camera_state_ep with camera_uuid: 966fb330-9369-450e-a6c1-41e86554c992
04-08 15:05:58 camera_routes - get_camera_state_ep:[WARNING] entered get_camera_state_ep with camera_uuid: 9e18c708-33e8-47f2-8142-4d4537c8865a
04-08 15:06:03 camera_routes - get_camera_state_ep:[WARNING] entered get_camera_state_ep with camera_uuid: 966fb330-9369-450e-a6c1-41e86554c992
04-08 15:06:03 camera_routes - get_camera_state_ep:[WARNING] entered get_camera_state_ep with camera_uuid: 9e18c708-33e8-47f2-8142-4d4537c8865a
04-08 15:06:08 camera_routes - get_camera_state_ep:[WARNING] entered get_camera_state_ep with camera_uuid: 966fb330-9369-450e-a6c1-41e86554c992
04-08 15:06:08 camera_routes - get_camera_state_ep:[WARNING] entered get_camera_state_ep with camera_uuid: 9e18c708-33e8-47f2-8142-4d4537c8865a
04-08 15:06:13 camera_routes - get_camera_state_ep:[WARNING] entered get_camera_state_ep with camera_uuid: 966fb330-9369-450e-a6c1-41e86554c992
04-08 15:06:13 camera_routes - get_camera_state_ep:[WARNING] entered get_camera_state_ep with camera_uuid: 9e18c708-33e8-47f2-8142-4d4537c8865a
04-08 15:06:18 camera_routes - get_camera_state_ep:[WARNING] entered get_camera_state_ep with camera_uuid: 966fb330-9369-450e-a6c1-41e86554c992
04-08 15:06:18 camera_routes - get_camera_state_ep:[WARNING] entered get_camera_state_ep with camera_uuid: 9e18c708-33e8-47f2-8142-4d4537c8865a
04-08 15:06:23 camera_routes - get_camera_state_ep:[WARNING] entered get_camera_state_ep with camera_uuid: 966fb330-9369-450e-a6c1-41e86554c992
04-08 15:06:23 camera_routes - get_camera_state_ep:[WARNING] entered get_camera_state_ep with camera_uuid: 9e18c708-33e8-47f2-8142-4d4537c8865a
04-08 15:06:28 camera_routes - get_camera_state_ep:[WARNING] entered get_camera_state_ep with camera_uuid: 966fb330-9369-450e-a6c1-41e86554c992
04-08 15:06:28 camera_routes - get_camera_state_ep:[WARNING] entered get_camera_state_ep with camera_uuid: 9e18c708-33e8-47f2-8142-4d4537c8865a
04-08 15:06:33 camera_routes - get_camera_state_ep:[WARNING] entered get_camera_state_ep with camera_uuid: 966fb330-9369-450e-a6c1-41e86554c992
04-08 15:06:33 camera_routes - get_camera_state_ep:[WARNING] entered get_camera_state_ep with camera_uuid: 9e18c708-33e8-47f2-8142-4d4537c8865a
04-08 15:06:38 camera_routes - get_camera_state_ep:[WARNING] entered get_camera_state_ep with camera_uuid: 966fb330-9369-450e-a6c1-41e86554c992
04-08 15:06:38 camera_routes - get_camera_state_ep:[WARNING] entered get_camera_state_ep with camera_uuid: 9e18c708-33e8-47f2-8142-4d4537c8865a
04-08 15:06:43 camera_routes - get_camera_state_ep:[WARNING] entered get_camera_state_ep with camera_uuid: 966fb330-9369-450e-a6c1-41e86554c992
04-08 15:06:43 camera_routes - get_camera_state_ep:[WARNING] entered get_camera_state_ep with camera_uuid: 9e18c708-33e8-47f2-8142-4d4537c8865a
04-08 15:06:48 camera_routes - get_camera_state_ep:[WARNING] entered get_camera_state_ep with camera_uuid: 966fb330-9369-450e-a6c1-41e86554c992
04-08 15:06:48 camera_routes - get_camera_state_ep:[WARNING] entered get_camera_state_ep with camera_uuid: 9e18c708-33e8-47f2-8142-4d4537c8865a
04-08 15:06:53 camera_routes - get_camera_state_ep:[WARNING] entered get_camera_state_ep with camera_uuid: 966fb330-9369-450e-a6c1-41e86554c992
04-08 15:06:53 camera_routes - get_camera_state_ep:[WARNING] entered get_camera_state_ep with camera_uuid: 9e18c708-33e8-47f2-8142-4d4537c8865a
04-08 15:06:58 camera_routes - get_camera_state_ep:[WARNING] entered get_camera_state_ep with camera_uuid: 966fb330-9369-450e-a6c1-41e86554c992
04-08 15:06:58 camera_routes - get_camera_state_ep:[WARNING] entered get_camera_state_ep with camera_uuid: 9e18c708-33e8-47f2-8142-4d4537c8865a
04-08 15:07:03 camera_routes - get_camera_state_ep:[WARNING] entered get_camera_state_ep with camera_uuid: 966fb330-9369-450e-a6c1-41e86554c992
04-08 15:07:03 camera_routes - get_camera_state_ep:[WARNING] entered get_camera_state_ep with camera_uuid: 9e18c708-33e8-47f2-8142-4d4537c8865a
